{"/home/lm379/Golang/hmx/frontend/src/api/artist.ts": {"path":"/home/lm379/Golang/hmx/frontend/src/api/artist.ts","statementMap":{"0":{"start":{"line":4,"column":21},"end":{"line":4,"column":null}},"1":{"start":{"line":9,"column":29},"end":{"line":12,"column":null}},"2":{"start":{"line":10,"column":19},"end":{"line":10,"column":null}},"3":{"start":{"line":11,"column":2},"end":{"line":11,"column":null}},"4":{"start":{"line":17,"column":31},"end":{"line":26,"column":null}},"5":{"start":{"line":18,"column":19},"end":{"line":18,"column":null}},"6":{"start":{"line":18,"column":33},"end":{"line":18,"column":50}},"7":{"start":{"line":19,"column":20},"end":{"line":19,"column":null}},"8":{"start":{"line":21,"column":2},"end":{"line":25,"column":null}},"9":{"start":{"line":23,"column":6},"end":{"line":23,"column":null}},"10":{"start":{"line":25,"column":19},"end":{"line":25,"column":36}}},"fnMap":{"0":{"name":"(anonymous_0)","decl":{"start":{"line":9,"column":29},"end":{"line":9,"column":36}},"loc":{"start":{"line":9,"column":100},"end":{"line":12,"column":null}},"line":9},"1":{"name":"(anonymous_1)","decl":{"start":{"line":17,"column":31},"end":{"line":17,"column":38}},"loc":{"start":{"line":17,"column":83},"end":{"line":26,"column":null}},"line":17},"2":{"name":"(anonymous_2)","decl":{"start":{"line":18,"column":27},"end":{"line":18,"column":33}},"loc":{"start":{"line":18,"column":33},"end":{"line":18,"column":50}},"line":18},"3":{"name":"(anonymous_3)","decl":{"start":{"line":22,"column":12},"end":{"line":22,"column":13}},"loc":{"start":{"line":23,"column":6},"end":{"line":23,"column":null}},"line":23},"4":{"name":"(anonymous_4)","decl":{"start":{"line":25,"column":9},"end":{"line":25,"column":19}},"loc":{"start":{"line":25,"column":19},"end":{"line":25,"column":36}},"line":25}},"branchMap":{"0":{"loc":{"start":{"line":23,"column":6},"end":{"line":23,"column":null}},"type":"binary-expr","locations":[{"start":{"line":23,"column":6},"end":{"line":23,"column":39}},{"start":{"line":23,"column":39},"end":{"line":23,"column":null}}],"line":23}},"s":{"0":1,"1":1,"2":8,"3":6,"4":1,"5":4,"6":6,"7":4,"8":4,"9":6,"10":4},"f":{"0":8,"1":4,"2":6,"3":6,"4":4},"b":{"0":[6,5]},"meta":{"lastBranch":1,"lastFunction":5,"lastStatement":11,"seen":{"s:4:21:4:Infinity":0,"s:9:29:12:Infinity":1,"f:9:29:9:36":0,"s:10:19:10:Infinity":2,"s:11:2:11:Infinity":3,"s:17:31:26:Infinity":4,"f:17:31:17:38":1,"s:18:19:18:Infinity":5,"f:18:27:18:33":2,"s:18:33:18:50":6,"s:19:20:19:Infinity":7,"s:21:2:25:Infinity":8,"f:22:12:22:13":3,"s:23:6:23:Infinity":9,"b:23:6:23:39:23:39:23:Infinity":0,"f:25:9:25:19":4,"s:25:19:25:36":10}}}
,"/home/lm379/Golang/hmx/frontend/src/stores/auth.ts": {"path":"/home/lm379/Golang/hmx/frontend/src/stores/auth.ts","statementMap":{"0":{"start":{"line":6,"column":13},"end":{"line":161,"column":null}},"1":{"start":{"line":7,"column":8},"end":{"line":7,"column":null}},"2":{"start":{"line":8,"column":8},"end":{"line":8,"column":null}},"3":{"start":{"line":9,"column":8},"end":{"line":9,"column":null}},"4":{"start":{"line":12,"column":33},"end":{"line":105,"column":null}},"5":{"start":{"line":14,"column":4},"end":{"line":23,"column":null}},"6":{"start":{"line":16,"column":28},"end":{"line":16,"column":null}},"7":{"start":{"line":17,"column":8},"end":{"line":19,"column":null}},"8":{"start":{"line":18,"column":10},"end":{"line":18,"column":null}},"9":{"start":{"line":20,"column":8},"end":{"line":20,"column":null}},"10":{"start":{"line":22,"column":17},"end":{"line":22,"column":null}},"11":{"start":{"line":25,"column":23},"end":{"line":25,"column":null}},"12":{"start":{"line":26,"column":67},"end":{"line":26,"column":null}},"13":{"start":{"line":28,"column":25},"end":{"line":37,"column":null}},"14":{"start":{"line":29,"column":6},"end":{"line":35,"column":null}},"15":{"start":{"line":30,"column":8},"end":{"line":34,"column":null}},"16":{"start":{"line":31,"column":10},"end":{"line":31,"column":null}},"17":{"start":{"line":33,"column":10},"end":{"line":33,"column":null}},"18":{"start":{"line":36,"column":6},"end":{"line":36,"column":null}},"19":{"start":{"line":40,"column":4},"end":{"line":104,"column":null}},"20":{"start":{"line":41,"column":20},"end":{"line":41,"column":null}},"21":{"start":{"line":43,"column":32},"end":{"line":43,"column":null}},"22":{"start":{"line":46,"column":25},"end":{"line":46,"column":null}},"23":{"start":{"line":47,"column":8},"end":{"line":49,"column":null}},"24":{"start":{"line":47,"column":33},"end":{"line":47,"column":67}},"25":{"start":{"line":48,"column":10},"end":{"line":48,"column":null}},"26":{"start":{"line":52,"column":8},"end":{"line":100,"column":null}},"27":{"start":{"line":53,"column":10},"end":{"line":65,"column":null}},"28":{"start":{"line":54,"column":12},"end":{"line":64,"column":null}},"29":{"start":{"line":55,"column":14},"end":{"line":63,"column":null}},"30":{"start":{"line":57,"column":18},"end":{"line":57,"column":null}},"31":{"start":{"line":58,"column":18},"end":{"line":58,"column":null}},"32":{"start":{"line":61,"column":18},"end":{"line":61,"column":null}},"33":{"start":{"line":67,"column":10},"end":{"line":67,"column":null}},"34":{"start":{"line":68,"column":10},"end":{"line":68,"column":null}},"35":{"start":{"line":70,"column":31},"end":{"line":70,"column":null}},"36":{"start":{"line":71,"column":10},"end":{"line":99,"column":null}},"37":{"start":{"line":72,"column":12},"end":{"line":96,"column":null}},"38":{"start":{"line":73,"column":31},"end":{"line":75,"column":null}},"39":{"start":{"line":77,"column":14},"end":{"line":88,"column":null}},"40":{"start":{"line":78,"column":56},"end":{"line":78,"column":null}},"41":{"start":{"line":79,"column":16},"end":{"line":79,"column":null}},"42":{"start":{"line":80,"column":16},"end":{"line":80,"column":null}},"43":{"start":{"line":83,"column":16},"end":{"line":83,"column":null}},"44":{"start":{"line":86,"column":16},"end":{"line":86,"column":null}},"45":{"start":{"line":87,"column":16},"end":{"line":87,"column":null}},"46":{"start":{"line":91,"column":14},"end":{"line":91,"column":null}},"47":{"start":{"line":92,"column":14},"end":{"line":92,"column":null}},"48":{"start":{"line":93,"column":14},"end":{"line":93,"column":null}},"49":{"start":{"line":95,"column":14},"end":{"line":95,"column":null}},"50":{"start":{"line":98,"column":12},"end":{"line":98,"column":null}},"51":{"start":{"line":102,"column":8},"end":{"line":102,"column":null}},"52":{"start":{"line":107,"column":27},"end":{"line":127,"column":null}},"53":{"start":{"line":108,"column":24},"end":{"line":108,"column":null}},"54":{"start":{"line":109,"column":4},"end":{"line":126,"column":null}},"55":{"start":{"line":110,"column":6},"end":{"line":122,"column":null}},"56":{"start":{"line":111,"column":8},"end":{"line":111,"column":null}},"57":{"start":{"line":112,"column":25},"end":{"line":112,"column":null}},"58":{"start":{"line":113,"column":8},"end":{"line":116,"column":null}},"59":{"start":{"line":114,"column":10},"end":{"line":114,"column":null}},"60":{"start":{"line":115,"column":10},"end":{"line":115,"column":null}},"61":{"start":{"line":118,"column":8},"end":{"line":118,"column":null}},"62":{"start":{"line":119,"column":8},"end":{"line":119,"column":null}},"63":{"start":{"line":121,"column":8},"end":{"line":121,"column":null}},"64":{"start":{"line":124,"column":6},"end":{"line":124,"column":null}},"65":{"start":{"line":125,"column":6},"end":{"line":125,"column":null}},"66":{"start":{"line":129,"column":16},"end":{"line":133,"column":null}},"67":{"start":{"line":130,"column":4},"end":{"line":130,"column":null}},"68":{"start":{"line":131,"column":4},"end":{"line":131,"column":null}},"69":{"start":{"line":132,"column":4},"end":{"line":132,"column":null}},"70":{"start":{"line":135,"column":17},"end":{"line":148,"column":null}},"71":{"start":{"line":136,"column":4},"end":{"line":147,"column":null}},"72":{"start":{"line":138,"column":6},"end":{"line":138,"column":null}},"73":{"start":{"line":140,"column":6},"end":{"line":140,"column":null}},"74":{"start":{"line":142,"column":6},"end":{"line":142,"column":null}},"75":{"start":{"line":143,"column":6},"end":{"line":143,"column":null}},"76":{"start":{"line":144,"column":6},"end":{"line":144,"column":null}},"77":{"start":{"line":145,"column":6},"end":{"line":145,"column":null}},"78":{"start":{"line":146,"column":6},"end":{"line":146,"column":null}},"79":{"start":{"line":151,"column":2},"end":{"line":151,"column":null}},"80":{"start":{"line":153,"column":2},"end":{"line":160,"column":null}}},"fnMap":{"0":{"name":"(anonymous_0)","decl":{"start":{"line":6,"column":48},"end":{"line":6,"column":54}},"loc":{"start":{"line":6,"column":54},"end":{"line":161,"column":1}},"line":6},"1":{"name":"(anonymous_1)","decl":{"start":{"line":12,"column":33},"end":{"line":12,"column":39}},"loc":{"start":{"line":12,"column":39},"end":{"line":105,"column":null}},"line":12},"2":{"name":"(anonymous_2)","decl":{"start":{"line":15,"column":6},"end":{"line":15,"column":7}},"loc":{"start":{"line":15,"column":18},"end":{"line":21,"column":null}},"line":15},"3":{"name":"(anonymous_3)","decl":{"start":{"line":22,"column":6},"end":{"line":22,"column":7}},"loc":{"start":{"line":22,"column":17},"end":{"line":22,"column":null}},"line":22},"4":{"name":"(anonymous_4)","decl":{"start":{"line":28,"column":25},"end":{"line":28,"column":26}},"loc":{"start":{"line":28,"column":70},"end":{"line":37,"column":null}},"line":28},"5":{"name":"(anonymous_5)","decl":{"start":{"line":29,"column":28},"end":{"line":29,"column":36}},"loc":{"start":{"line":29,"column":36},"end":{"line":35,"column":7}},"line":29},"6":{"name":"(anonymous_6)","decl":{"start":{"line":41,"column":6},"end":{"line":41,"column":7}},"loc":{"start":{"line":41,"column":20},"end":{"line":41,"column":null}},"line":41},"7":{"name":"(anonymous_7)","decl":{"start":{"line":42,"column":6},"end":{"line":42,"column":13}},"loc":{"start":{"line":42,"column":23},"end":{"line":103,"column":null}},"line":42},"8":{"name":"(anonymous_8)","decl":{"start":{"line":47,"column":26},"end":{"line":47,"column":33}},"loc":{"start":{"line":47,"column":33},"end":{"line":47,"column":67}},"line":47},"9":{"name":"(anonymous_9)","decl":{"start":{"line":54,"column":31},"end":{"line":54,"column":32}},"loc":{"start":{"line":54,"column":52},"end":{"line":64,"column":13}},"line":54},"10":{"name":"(anonymous_10)","decl":{"start":{"line":56,"column":25},"end":{"line":56,"column":26}},"loc":{"start":{"line":56,"column":44},"end":{"line":59,"column":null}},"line":56},"11":{"name":"(anonymous_11)","decl":{"start":{"line":60,"column":24},"end":{"line":60,"column":25}},"loc":{"start":{"line":60,"column":38},"end":{"line":62,"column":null}},"line":60},"12":{"name":"(anonymous_12)","decl":{"start":{"line":107,"column":27},"end":{"line":107,"column":39}},"loc":{"start":{"line":107,"column":39},"end":{"line":127,"column":null}},"line":107},"13":{"name":"(anonymous_13)","decl":{"start":{"line":129,"column":16},"end":{"line":129,"column":23}},"loc":{"start":{"line":129,"column":69},"end":{"line":133,"column":null}},"line":129},"14":{"name":"(anonymous_14)","decl":{"start":{"line":135,"column":17},"end":{"line":135,"column":29}},"loc":{"start":{"line":135,"column":29},"end":{"line":148,"column":null}},"line":135}},"branchMap":{"0":{"loc":{"start":{"line":17,"column":8},"end":{"line":19,"column":null}},"type":"if","locations":[{"start":{"line":17,"column":8},"end":{"line":19,"column":null}},{"start":{},"end":{}}],"line":17},"1":{"loc":{"start":{"line":28,"column":38},"end":{"line":28,"column":70}},"type":"default-arg","locations":[{"start":{"line":28,"column":61},"end":{"line":28,"column":70}}],"line":28},"2":{"loc":{"start":{"line":30,"column":8},"end":{"line":34,"column":null}},"type":"if","locations":[{"start":{"line":30,"column":8},"end":{"line":34,"column":null}},{"start":{"line":32,"column":15},"end":{"line":34,"column":null}}],"line":30},"3":{"loc":{"start":{"line":47,"column":8},"end":{"line":49,"column":null}},"type":"if","locations":[{"start":{"line":47,"column":8},"end":{"line":49,"column":null}},{"start":{},"end":{}}],"line":47},"4":{"loc":{"start":{"line":52,"column":8},"end":{"line":100,"column":null}},"type":"if","locations":[{"start":{"line":52,"column":8},"end":{"line":100,"column":null}},{"start":{},"end":{}}],"line":52},"5":{"loc":{"start":{"line":52,"column":12},"end":{"line":52,"column":71}},"type":"binary-expr","locations":[{"start":{"line":52,"column":12},"end":{"line":52,"column":46}},{"start":{"line":52,"column":46},"end":{"line":52,"column":71}}],"line":52},"6":{"loc":{"start":{"line":53,"column":10},"end":{"line":65,"column":null}},"type":"if","locations":[{"start":{"line":53,"column":10},"end":{"line":65,"column":null}},{"start":{},"end":{}}],"line":53},"7":{"loc":{"start":{"line":71,"column":10},"end":{"line":99,"column":null}},"type":"if","locations":[{"start":{"line":71,"column":10},"end":{"line":99,"column":null}},{"start":{"line":97,"column":17},"end":{"line":99,"column":null}}],"line":71},"8":{"loc":{"start":{"line":77,"column":14},"end":{"line":88,"column":null}},"type":"if","locations":[{"start":{"line":77,"column":14},"end":{"line":88,"column":null}},{"start":{},"end":{}}],"line":77},"9":{"loc":{"start":{"line":109,"column":4},"end":{"line":126,"column":null}},"type":"if","locations":[{"start":{"line":109,"column":4},"end":{"line":126,"column":null}},{"start":{"line":123,"column":11},"end":{"line":126,"column":null}}],"line":109},"10":{"loc":{"start":{"line":113,"column":8},"end":{"line":116,"column":null}},"type":"if","locations":[{"start":{"line":113,"column":8},"end":{"line":116,"column":null}},{"start":{},"end":{}}],"line":113},"11":{"loc":{"start":{"line":113,"column":12},"end":{"line":113,"column":49}},"type":"binary-expr","locations":[{"start":{"line":113,"column":12},"end":{"line":113,"column":29}},{"start":{"line":113,"column":29},"end":{"line":113,"column":49}}],"line":113}},"s":{"0":1,"1":6,"2":6,"3":6,"4":6,"5":6,"6":0,"7":0,"8":0,"9":0,"10":0,"11":6,"12":6,"13":6,"14":0,"15":0,"16":0,"17":0,"18":0,"19":6,"20":0,"21":0,"22":0,"23":0,"24":0,"25":0,"26":0,"27":0,"28":0,"29":0,"30":0,"31":0,"32":0,"33":0,"34":0,"35":0,"36":0,"37":0,"38":0,"39":0,"40":0,"41":0,"42":0,"43":0,"44":0,"45":0,"46":0,"47":0,"48":0,"49":0,"50":0,"51":0,"52":6,"53":3,"54":3,"55":2,"56":2,"57":2,"58":1,"59":1,"60":1,"61":1,"62":1,"63":2,"64":1,"65":1,"66":6,"67":1,"68":1,"69":1,"70":6,"71":3,"72":3,"73":1,"74":3,"75":3,"76":3,"77":3,"78":3,"79":6,"80":6},"f":{"0":6,"1":6,"2":0,"3":0,"4":0,"5":0,"6":0,"7":0,"8":0,"9":0,"10":0,"11":0,"12":3,"13":1,"14":3},"b":{"0":[0,0],"1":[0],"2":[0,0],"3":[0,0],"4":[0,0],"5":[0,0],"6":[0,0],"7":[0,0],"8":[0,0],"9":[2,1],"10":[1,0],"11":[1,1]},"meta":{"lastBranch":12,"lastFunction":15,"lastStatement":81,"seen":{"s:6:13:161:Infinity":0,"f:6:48:6:54":0,"s:7:8:7:Infinity":1,"s:8:8:8:Infinity":2,"s:9:8:9:Infinity":3,"s:12:33:105:Infinity":4,"f:12:33:12:39":1,"s:14:4:23:Infinity":5,"f:15:6:15:7":2,"s:16:28:16:Infinity":6,"b:17:8:19:Infinity:undefined:undefined:undefined:undefined":0,"s:17:8:19:Infinity":7,"s:18:10:18:Infinity":8,"s:20:8:20:Infinity":9,"f:22:6:22:7":3,"s:22:17:22:Infinity":10,"s:25:23:25:Infinity":11,"s:26:67:26:Infinity":12,"s:28:25:37:Infinity":13,"f:28:25:28:26":4,"b:28:61:28:70":1,"s:29:6:35:Infinity":14,"f:29:28:29:36":5,"b:30:8:34:Infinity:32:15:34:Infinity":2,"s:30:8:34:Infinity":15,"s:31:10:31:Infinity":16,"s:33:10:33:Infinity":17,"s:36:6:36:Infinity":18,"s:40:4:104:Infinity":19,"f:41:6:41:7":6,"s:41:20:41:Infinity":20,"f:42:6:42:13":7,"s:43:32:43:Infinity":21,"s:46:25:46:Infinity":22,"b:47:8:49:Infinity:undefined:undefined:undefined:undefined":3,"s:47:8:49:Infinity":23,"f:47:26:47:33":8,"s:47:33:47:67":24,"s:48:10:48:Infinity":25,"b:52:8:100:Infinity:undefined:undefined:undefined:undefined":4,"s:52:8:100:Infinity":26,"b:52:12:52:46:52:46:52:71":5,"b:53:10:65:Infinity:undefined:undefined:undefined:undefined":6,"s:53:10:65:Infinity":27,"s:54:12:64:Infinity":28,"f:54:31:54:32":9,"s:55:14:63:Infinity":29,"f:56:25:56:26":10,"s:57:18:57:Infinity":30,"s:58:18:58:Infinity":31,"f:60:24:60:25":11,"s:61:18:61:Infinity":32,"s:67:10:67:Infinity":33,"s:68:10:68:Infinity":34,"s:70:31:70:Infinity":35,"b:71:10:99:Infinity:97:17:99:Infinity":7,"s:71:10:99:Infinity":36,"s:72:12:96:Infinity":37,"s:73:31:75:Infinity":38,"b:77:14:88:Infinity:undefined:undefined:undefined:undefined":8,"s:77:14:88:Infinity":39,"s:78:56:78:Infinity":40,"s:79:16:79:Infinity":41,"s:80:16:80:Infinity":42,"s:83:16:83:Infinity":43,"s:86:16:86:Infinity":44,"s:87:16:87:Infinity":45,"s:91:14:91:Infinity":46,"s:92:14:92:Infinity":47,"s:93:14:93:Infinity":48,"s:95:14:95:Infinity":49,"s:98:12:98:Infinity":50,"s:102:8:102:Infinity":51,"s:107:27:127:Infinity":52,"f:107:27:107:39":12,"s:108:24:108:Infinity":53,"b:109:4:126:Infinity:123:11:126:Infinity":9,"s:109:4:126:Infinity":54,"s:110:6:122:Infinity":55,"s:111:8:111:Infinity":56,"s:112:25:112:Infinity":57,"b:113:8:116:Infinity:undefined:undefined:undefined:undefined":10,"s:113:8:116:Infinity":58,"b:113:12:113:29:113:29:113:49":11,"s:114:10:114:Infinity":59,"s:115:10:115:Infinity":60,"s:118:8:118:Infinity":61,"s:119:8:119:Infinity":62,"s:121:8:121:Infinity":63,"s:124:6:124:Infinity":64,"s:125:6:125:Infinity":65,"s:129:16:133:Infinity":66,"f:129:16:129:23":13,"s:130:4:130:Infinity":67,"s:131:4:131:Infinity":68,"s:132:4:132:Infinity":69,"s:135:17:148:Infinity":70,"f:135:17:135:29":14,"s:136:4:147:Infinity":71,"s:138:6:138:Infinity":72,"s:140:6:140:Infinity":73,"s:142:6:142:Infinity":74,"s:143:6:143:Infinity":75,"s:144:6:144:Infinity":76,"s:145:6:145:Infinity":77,"s:146:6:146:Infinity":78,"s:151:2:151:Infinity":79,"s:153:2:160:Infinity":80}}}
,"/home/lm379/Golang/hmx/frontend/src/utils/dateUtils.ts": {"path":"/home/lm379/Golang/hmx/frontend/src/utils/dateUtils.ts","statementMap":{"0":{"start":{"line":1,"column":30},"end":{"line":5,"column":null}},"1":{"start":{"line":2,"column":2},"end":{"line":2,"column":null}},"2":{"start":{"line":2,"column":20},"end":{"line":2,"column":null}},"3":{"start":{"line":4,"column":2},"end":{"line":4,"column":null}},"4":{"start":{"line":7,"column":26},"end":{"line":26,"column":null}},"5":{"start":{"line":8,"column":2},"end":{"line":8,"column":null}},"6":{"start":{"line":8,"column":16},"end":{"line":8,"column":null}},"7":{"start":{"line":9,"column":15},"end":{"line":9,"column":null}},"8":{"start":{"line":10,"column":14},"end":{"line":10,"column":null}},"9":{"start":{"line":11,"column":15},"end":{"line":11,"column":null}},"10":{"start":{"line":12,"column":15},"end":{"line":12,"column":null}},"11":{"start":{"line":14,"column":2},"end":{"line":14,"column":null}},"12":{"start":{"line":14,"column":18},"end":{"line":14,"column":null}},"13":{"start":{"line":15,"column":2},"end":{"line":15,"column":null}},"14":{"start":{"line":15,"column":18},"end":{"line":15,"column":null}},"15":{"start":{"line":16,"column":2},"end":{"line":16,"column":null}},"16":{"start":{"line":16,"column":28},"end":{"line":16,"column":null}},"17":{"start":{"line":18,"column":15},"end":{"line":18,"column":null}},"18":{"start":{"line":19,"column":16},"end":{"line":19,"column":null}},"19":{"start":{"line":20,"column":14},"end":{"line":20,"column":null}},"20":{"start":{"line":22,"column":2},"end":{"line":24,"column":null}},"21":{"start":{"line":23,"column":4},"end":{"line":23,"column":null}},"22":{"start":{"line":25,"column":2},"end":{"line":25,"column":null}},"23":{"start":{"line":28,"column":30},"end":{"line":38,"column":null}},"24":{"start":{"line":29,"column":2},"end":{"line":29,"column":null}},"25":{"start":{"line":29,"column":13},"end":{"line":29,"column":null}},"26":{"start":{"line":30,"column":15},"end":{"line":30,"column":null}},"27":{"start":{"line":31,"column":15},"end":{"line":31,"column":null}},"28":{"start":{"line":32,"column":16},"end":{"line":32,"column":null}},"29":{"start":{"line":33,"column":14},"end":{"line":33,"column":null}},"30":{"start":{"line":34,"column":16},"end":{"line":34,"column":null}},"31":{"start":{"line":35,"column":18},"end":{"line":35,"column":null}},"32":{"start":{"line":36,"column":18},"end":{"line":36,"column":null}},"33":{"start":{"line":37,"column":2},"end":{"line":37,"column":null}}},"fnMap":{"0":{"name":"(anonymous_0)","decl":{"start":{"line":1,"column":30},"end":{"line":1,"column":31}},"loc":{"start":{"line":1,"column":56},"end":{"line":5,"column":null}},"line":1},"1":{"name":"(anonymous_1)","decl":{"start":{"line":7,"column":26},"end":{"line":7,"column":27}},"loc":{"start":{"line":7,"column":47},"end":{"line":26,"column":null}},"line":7},"2":{"name":"(anonymous_2)","decl":{"start":{"line":28,"column":30},"end":{"line":28,"column":31}},"loc":{"start":{"line":28,"column":48},"end":{"line":38,"column":null}},"line":28}},"branchMap":{"0":{"loc":{"start":{"line":2,"column":2},"end":{"line":2,"column":null}},"type":"if","locations":[{"start":{"line":2,"column":2},"end":{"line":2,"column":null}},{"start":{},"end":{}}],"line":2},"1":{"loc":{"start":{"line":8,"column":2},"end":{"line":8,"column":null}},"type":"if","locations":[{"start":{"line":8,"column":2},"end":{"line":8,"column":null}},{"start":{},"end":{}}],"line":8},"2":{"loc":{"start":{"line":14,"column":2},"end":{"line":14,"column":null}},"type":"if","locations":[{"start":{"line":14,"column":2},"end":{"line":14,"column":null}},{"start":{},"end":{}}],"line":14},"3":{"loc":{"start":{"line":15,"column":2},"end":{"line":15,"column":null}},"type":"if","locations":[{"start":{"line":15,"column":2},"end":{"line":15,"column":null}},{"start":{},"end":{}}],"line":15},"4":{"loc":{"start":{"line":16,"column":2},"end":{"line":16,"column":null}},"type":"if","locations":[{"start":{"line":16,"column":2},"end":{"line":16,"column":null}},{"start":{},"end":{}}],"line":16},"5":{"loc":{"start":{"line":16,"column":6},"end":{"line":16,"column":28}},"type":"binary-expr","locations":[{"start":{"line":16,"column":6},"end":{"line":16,"column":18}},{"start":{"line":16,"column":18},"end":{"line":16,"column":28}}],"line":16},"6":{"loc":{"start":{"line":22,"column":2},"end":{"line":24,"column":null}},"type":"if","locations":[{"start":{"line":22,"column":2},"end":{"line":24,"column":null}},{"start":{},"end":{}}],"line":22},"7":{"loc":{"start":{"line":29,"column":2},"end":{"line":29,"column":null}},"type":"if","locations":[{"start":{"line":29,"column":2},"end":{"line":29,"column":null}},{"start":{},"end":{}}],"line":29}},"s":{"0":1,"1":4,"2":2,"3":2,"4":1,"5":6,"6":1,"7":5,"8":5,"9":5,"10":5,"11":5,"12":1,"13":4,"14":1,"15":3,"16":1,"17":2,"18":2,"19":2,"20":2,"21":1,"22":1,"23":1,"24":4,"25":1,"26":3,"27":3,"28":3,"29":3,"30":3,"31":3,"32":3,"33":3},"f":{"0":4,"1":6,"2":4},"b":{"0":[2,2],"1":[1,5],"2":[1,4],"3":[1,3],"4":[1,2],"5":[3,1],"6":[1,1],"7":[1,3]},"meta":{"lastBranch":8,"lastFunction":3,"lastStatement":34,"seen":{"s:1:30:5:Infinity":0,"f:1:30:1:31":0,"b:2:2:2:Infinity:undefined:undefined:undefined:undefined":0,"s:2:2:2:Infinity":1,"s:2:20:2:Infinity":2,"s:4:2:4:Infinity":3,"s:7:26:26:Infinity":4,"f:7:26:7:27":1,"b:8:2:8:Infinity:undefined:undefined:undefined:undefined":1,"s:8:2:8:Infinity":5,"s:8:16:8:Infinity":6,"s:9:15:9:Infinity":7,"s:10:14:10:Infinity":8,"s:11:15:11:Infinity":9,"s:12:15:12:Infinity":10,"b:14:2:14:Infinity:undefined:undefined:undefined:undefined":2,"s:14:2:14:Infinity":11,"s:14:18:14:Infinity":12,"b:15:2:15:Infinity:undefined:undefined:undefined:undefined":3,"s:15:2:15:Infinity":13,"s:15:18:15:Infinity":14,"b:16:2:16:Infinity:undefined:undefined:undefined:undefined":4,"s:16:2:16:Infinity":15,"b:16:6:16:18:16:18:16:28":5,"s:16:28:16:Infinity":16,"s:18:15:18:Infinity":17,"s:19:16:19:Infinity":18,"s:20:14:20:Infinity":19,"b:22:2:24:Infinity:undefined:undefined:undefined:undefined":6,"s:22:2:24:Infinity":20,"s:23:4:23:Infinity":21,"s:25:2:25:Infinity":22,"s:28:30:38:Infinity":23,"f:28:30:28:31":2,"b:29:2:29:Infinity:undefined:undefined:undefined:undefined":7,"s:29:2:29:Infinity":24,"s:29:13:29:Infinity":25,"s:30:15:30:Infinity":26,"s:31:15:31:Infinity":27,"s:32:16:32:Infinity":28,"s:33:14:33:Infinity":29,"s:34:16:34:Infinity":30,"s:35:18:35:Infinity":31,"s:36:18:36:Infinity":32,"s:37:2:37:Infinity":33}}}
,"/home/lm379/Golang/hmx/frontend/src/utils/validators.ts": {"path":"/home/lm379/Golang/hmx/frontend/src/utils/validators.ts","statementMap":{"0":{"start":{"line":2,"column":26},"end":{"line":2,"column":null}},"1":{"start":{"line":3,"column":26},"end":{"line":3,"column":null}},"2":{"start":{"line":10,"column":29},"end":{"line":12,"column":null}},"3":{"start":{"line":11,"column":2},"end":{"line":11,"column":null}},"4":{"start":{"line":19,"column":29},"end":{"line":21,"column":null}},"5":{"start":{"line":20,"column":2},"end":{"line":20,"column":null}}},"fnMap":{"0":{"name":"(anonymous_0)","decl":{"start":{"line":10,"column":29},"end":{"line":10,"column":30}},"loc":{"start":{"line":10,"column":57},"end":{"line":12,"column":null}},"line":10},"1":{"name":"(anonymous_1)","decl":{"start":{"line":19,"column":29},"end":{"line":19,"column":30}},"loc":{"start":{"line":19,"column":57},"end":{"line":21,"column":null}},"line":19}},"branchMap":{},"s":{"0":1,"1":1,"2":1,"3":12,"4":1,"5":12},"f":{"0":12,"1":12},"b":{},"meta":{"lastBranch":0,"lastFunction":2,"lastStatement":6,"seen":{"s:2:26:2:Infinity":0,"s:3:26:3:Infinity":1,"s:10:29:12:Infinity":2,"f:10:29:10:30":0,"s:11:2:11:Infinity":3,"s:19:29:21:Infinity":4,"f:19:29:19:30":1,"s:20:2:20:Infinity":5}}}
}
